<?xml version="1.0" encoding="UTF-8"?>
<testsuite name="com.anim.tradeprofiler.tradeproducer.TestTradeDetailsLoader" tests="1" skipped="0" failures="0" errors="0" timestamp="2020-05-31T18:22:36" hostname="animeshs-MacBook-Pro.local" time="0.026">
  <properties/>
  <testcase name="testLoad" classname="com.anim.tradeprofiler.tradeproducer.TestTradeDetailsLoader" time="0.026"/>
  <system-out><![CDATA[]]></system-out>
  <system-err><![CDATA[INFO Loaded default TestExecutionListener class names from location [META-INF/spring.factories]: [org.springframework.test.context.web.ServletTestExecutionListener, org.springframework.test.context.support.DirtiesContextBeforeModesTestExecutionListener, org.springframework.test.context.support.DependencyInjectionTestExecutionListener, org.springframework.test.context.support.DirtiesContextTestExecutionListener, org.springframework.test.context.transaction.TransactionalTestExecutionListener, org.springframework.test.context.jdbc.SqlScriptsTestExecutionListener, org.springframework.test.context.event.EventPublishingTestExecutionListener]
INFO Using TestExecutionListeners: [org.springframework.test.context.support.DirtiesContextBeforeModesTestExecutionListener@60cdd5ff, org.springframework.test.context.support.DependencyInjectionTestExecutionListener@40de54df, org.springframework.test.context.support.DirtiesContextTestExecutionListener@79378460, org.springframework.test.context.event.EventPublishingTestExecutionListener@696e3c30]
]]></system-err>
</testsuite>
